2025-08-19 21:51:58,000 - INFO - Will watch for changes in these directories: ['/home/rahul/Desktop/repos/inventory-back-py']
2025-08-19 21:51:58,003 - INFO - Uvicorn running on http://127.0.0.1:8000 (Press CTRL+C to quit)
2025-08-19 21:51:58,004 - INFO - Started reloader process [23710] using WatchFiles
2025-08-19 21:51:59,072 - INFO - Started server process [23712]
2025-08-19 21:51:59,073 - INFO - Waiting for application startup.
2025-08-19 21:51:59,074 - INFO - Application startup complete.
2025-08-19 21:51:59,147 - INFO - 1 change detected
2025-08-19 21:51:59,498 - INFO - 1 change detected
2025-08-19 21:51:59,849 - INFO - 1 change detected
2025-08-19 21:52:00,200 - INFO - 1 change detected
2025-08-19 21:52:00,551 - INFO - 1 change detected
2025-08-19 21:52:00,903 - INFO - 1 change detected
2025-08-19 21:52:01,253 - INFO - 1 change detected
2025-08-19 21:52:01,604 - INFO - 1 change detected
2025-08-19 21:52:01,956 - INFO - 1 change detected
2025-08-19 21:52:02,306 - INFO - 1 change detected
2025-08-19 21:52:02,658 - INFO - 1 change detected
2025-08-19 21:52:03,009 - INFO - 1 change detected
2025-08-19 21:52:03,360 - INFO - 1 change detected
2025-08-19 21:52:03,711 - INFO - 1 change detected
2025-08-19 21:52:04,062 - INFO - 1 change detected
2025-08-19 21:52:04,413 - INFO - 1 change detected
2025-08-19 21:52:04,764 - INFO - 1 change detected
2025-08-19 21:52:05,115 - INFO - 1 change detected
2025-08-19 21:52:05,467 - INFO - 1 change detected
2025-08-19 21:52:05,818 - INFO - 1 change detected
2025-08-19 21:52:06,169 - INFO - 1 change detected
2025-08-19 21:52:06,520 - INFO - 1 change detected
2025-08-19 21:52:06,871 - INFO - 1 change detected
2025-08-19 21:52:07,223 - INFO - 1 change detected
2025-08-19 21:52:07,574 - INFO - 1 change detected
2025-08-19 21:52:07,925 - INFO - 1 change detected
2025-08-19 21:52:08,276 - INFO - 1 change detected
2025-08-19 21:52:08,627 - INFO - 1 change detected
2025-08-19 21:52:08,979 - INFO - 1 change detected
2025-08-19 21:52:09,330 - INFO - 1 change detected
2025-08-19 21:52:09,681 - INFO - 1 change detected
2025-08-19 21:52:10,033 - INFO - 1 change detected
2025-08-19 21:52:10,384 - INFO - 1 change detected
2025-08-19 21:52:10,735 - INFO - 1 change detected
2025-08-19 21:52:11,086 - INFO - 1 change detected
2025-08-19 21:52:11,437 - INFO - 1 change detected
2025-08-19 21:52:11,789 - INFO - 1 change detected
2025-08-19 21:52:12,140 - INFO - 1 change detected
2025-08-19 21:52:12,491 - INFO - 1 change detected
2025-08-19 21:52:12,842 - INFO - 1 change detected
2025-08-19 21:52:13,193 - INFO - 1 change detected
2025-08-19 21:52:13,544 - INFO - 1 change detected
2025-08-19 21:52:13,895 - INFO - 1 change detected
2025-08-19 21:52:14,246 - INFO - 1 change detected
2025-08-19 21:52:14,597 - INFO - 1 change detected
2025-08-19 21:52:14,949 - INFO - 1 change detected
2025-08-19 21:52:15,300 - INFO - 1 change detected
2025-08-19 21:52:15,651 - INFO - 1 change detected
2025-08-19 21:52:16,002 - INFO - 1 change detected
2025-08-19 21:52:16,354 - INFO - 1 change detected
2025-08-19 21:52:16,705 - INFO - 1 change detected
2025-08-19 21:52:17,057 - INFO - 1 change detected
2025-08-19 21:52:17,408 - INFO - 1 change detected
2025-08-19 21:52:17,760 - INFO - 1 change detected
2025-08-19 21:52:18,111 - INFO - 1 change detected
2025-08-19 21:52:18,462 - INFO - 1 change detected
2025-08-19 21:52:18,813 - INFO - 1 change detected
2025-08-19 21:52:19,165 - INFO - 1 change detected
2025-08-19 21:52:19,516 - INFO - 1 change detected
2025-08-19 21:52:19,867 - INFO - 1 change detected
2025-08-19 21:52:20,219 - INFO - 1 change detected
2025-08-19 21:52:20,570 - INFO - 1 change detected
2025-08-19 21:52:20,921 - INFO - 1 change detected
2025-08-19 21:52:21,272 - INFO - 1 change detected
2025-08-19 21:52:21,624 - INFO - 1 change detected
2025-08-19 21:52:21,975 - INFO - 1 change detected
2025-08-19 21:52:22,326 - INFO - 1 change detected
2025-08-19 21:52:22,678 - INFO - 1 change detected
2025-08-19 21:52:23,029 - INFO - 1 change detected
2025-08-19 21:52:23,380 - INFO - 1 change detected
2025-08-19 21:52:23,731 - INFO - 1 change detected
2025-08-19 21:52:24,082 - INFO - 1 change detected
2025-08-19 21:52:24,433 - INFO - 1 change detected
2025-08-19 21:52:24,784 - INFO - 1 change detected
2025-08-19 21:52:25,135 - INFO - 1 change detected
2025-08-19 21:52:25,486 - INFO - 1 change detected
2025-08-19 21:52:25,837 - INFO - 1 change detected
2025-08-19 21:52:26,188 - INFO - 1 change detected
2025-08-19 21:52:26,539 - INFO - 1 change detected
2025-08-19 21:52:26,890 - INFO - 1 change detected
2025-08-19 21:52:27,241 - INFO - 1 change detected
2025-08-19 21:52:27,593 - INFO - 1 change detected
2025-08-19 21:52:27,944 - INFO - 1 change detected
2025-08-19 21:52:28,295 - INFO - 1 change detected
2025-08-19 21:52:28,646 - INFO - 1 change detected
2025-08-19 21:52:28,997 - INFO - 1 change detected
2025-08-19 21:52:29,348 - INFO - 1 change detected
2025-08-19 21:52:29,700 - INFO - 1 change detected
2025-08-19 21:52:30,051 - INFO - 1 change detected
2025-08-19 21:52:30,402 - INFO - 1 change detected
2025-08-19 21:52:30,753 - INFO - 1 change detected
2025-08-19 21:52:31,104 - INFO - 1 change detected
2025-08-19 21:52:31,455 - INFO - 1 change detected
2025-08-19 21:52:31,806 - INFO - 1 change detected
2025-08-19 21:52:32,157 - INFO - 1 change detected
2025-08-19 21:52:32,508 - INFO - 1 change detected
2025-08-19 21:52:32,859 - INFO - 1 change detected
2025-08-19 21:52:33,211 - INFO - 1 change detected
2025-08-19 21:52:33,562 - INFO - 1 change detected
2025-08-19 21:52:33,913 - INFO - 1 change detected
2025-08-19 21:52:34,265 - INFO - 1 change detected
2025-08-19 21:52:34,616 - INFO - 1 change detected
2025-08-19 21:52:34,967 - INFO - 1 change detected
2025-08-19 21:52:35,318 - INFO - 1 change detected
2025-08-19 21:52:35,669 - INFO - 1 change detected
2025-08-19 21:52:36,020 - INFO - 1 change detected
2025-08-19 21:52:36,372 - INFO - 1 change detected
2025-08-19 21:52:36,723 - INFO - 1 change detected
2025-08-19 21:52:37,074 - INFO - 1 change detected
2025-08-19 21:52:37,425 - INFO - 1 change detected
2025-08-19 21:52:37,776 - INFO - 1 change detected
2025-08-19 21:52:38,128 - INFO - 1 change detected
2025-08-19 21:52:38,479 - INFO - 1 change detected
2025-08-19 21:52:38,830 - INFO - 1 change detected
2025-08-19 21:52:39,181 - INFO - 1 change detected
2025-08-19 21:52:39,533 - INFO - 1 change detected
2025-08-19 21:52:39,884 - INFO - 1 change detected
2025-08-19 21:52:40,235 - INFO - 1 change detected
2025-08-19 21:52:40,587 - INFO - 1 change detected
2025-08-19 21:52:40,938 - INFO - 1 change detected
2025-08-19 21:52:41,289 - INFO - 1 change detected
2025-08-19 21:52:41,640 - INFO - 1 change detected
2025-08-19 21:52:41,991 - INFO - 1 change detected
2025-08-19 21:52:42,342 - INFO - 1 change detected
2025-08-19 21:52:42,693 - INFO - 1 change detected
2025-08-19 21:52:43,045 - INFO - 1 change detected
2025-08-19 21:52:43,396 - INFO - 1 change detected
2025-08-19 21:52:43,747 - INFO - 1 change detected
2025-08-19 21:52:44,098 - INFO - 1 change detected
2025-08-19 21:52:44,450 - INFO - 1 change detected
2025-08-19 21:52:44,801 - INFO - 1 change detected
2025-08-19 21:52:45,152 - INFO - 1 change detected
2025-08-19 21:52:45,503 - INFO - 1 change detected
2025-08-19 21:52:45,854 - INFO - 1 change detected
2025-08-19 21:52:46,206 - INFO - 1 change detected
2025-08-19 21:52:46,557 - INFO - 1 change detected
2025-08-19 21:52:46,908 - INFO - 1 change detected
2025-08-19 21:52:47,259 - INFO - 1 change detected
2025-08-19 21:52:47,610 - INFO - 1 change detected
2025-08-19 21:52:47,961 - INFO - 1 change detected
2025-08-19 21:52:48,313 - INFO - 1 change detected
2025-08-19 21:52:48,664 - INFO - 1 change detected
2025-08-19 21:52:49,015 - INFO - 1 change detected
2025-08-19 21:52:49,366 - INFO - 1 change detected
2025-08-19 21:52:49,717 - INFO - 1 change detected
2025-08-19 21:52:50,069 - INFO - 1 change detected
2025-08-19 21:52:50,420 - INFO - 1 change detected
2025-08-19 21:52:50,771 - INFO - 1 change detected
2025-08-19 21:52:51,122 - INFO - 1 change detected
2025-08-19 21:52:51,474 - INFO - 1 change detected
2025-08-19 21:52:51,825 - INFO - 1 change detected
2025-08-19 21:52:52,176 - INFO - 1 change detected
2025-08-19 21:52:52,527 - INFO - 1 change detected
2025-08-19 21:52:52,878 - INFO - 1 change detected
2025-08-19 21:52:53,230 - INFO - 1 change detected
2025-08-19 21:52:53,581 - INFO - 1 change detected
2025-08-19 21:52:53,932 - INFO - 1 change detected
2025-08-19 21:52:54,283 - INFO - 1 change detected
2025-08-19 21:52:54,634 - INFO - 1 change detected
2025-08-19 21:52:54,985 - INFO - 1 change detected
2025-08-19 21:52:55,337 - INFO - 1 change detected
2025-08-19 21:52:55,688 - INFO - 1 change detected
2025-08-19 21:52:56,039 - INFO - 1 change detected
2025-08-19 21:52:56,391 - INFO - 1 change detected
2025-08-19 21:52:56,742 - INFO - 1 change detected
2025-08-19 21:52:57,093 - INFO - 1 change detected
2025-08-19 21:52:57,444 - INFO - 1 change detected
2025-08-19 21:52:57,796 - INFO - 1 change detected
2025-08-19 21:52:58,147 - INFO - 1 change detected
2025-08-19 21:52:58,498 - INFO - 1 change detected
2025-08-19 21:52:58,849 - INFO - 1 change detected
2025-08-19 21:52:59,200 - INFO - 1 change detected
2025-08-19 21:52:59,552 - INFO - 1 change detected
2025-08-19 21:52:59,903 - INFO - 1 change detected
2025-08-19 21:53:00,255 - INFO - 1 change detected
2025-08-19 21:53:00,606 - INFO - 1 change detected
2025-08-19 21:53:00,957 - INFO - 1 change detected
2025-08-19 21:53:01,308 - INFO - 1 change detected
2025-08-19 21:53:01,659 - INFO - 1 change detected
2025-08-19 21:53:02,010 - INFO - 1 change detected
2025-08-19 21:53:02,361 - INFO - 1 change detected
2025-08-19 21:53:02,713 - INFO - 1 change detected
2025-08-19 21:53:03,064 - INFO - 1 change detected
2025-08-19 21:53:03,415 - INFO - 1 change detected
2025-08-19 21:53:03,767 - INFO - 1 change detected
2025-08-19 21:53:04,118 - INFO - 1 change detected
2025-08-19 21:53:04,469 - INFO - 1 change detected
2025-08-19 21:53:04,821 - INFO - 1 change detected
2025-08-19 21:53:05,172 - INFO - 1 change detected
2025-08-19 21:53:05,523 - INFO - 1 change detected
2025-08-19 21:53:05,874 - INFO - 1 change detected
2025-08-19 21:53:06,226 - INFO - 1 change detected
2025-08-19 21:53:06,577 - INFO - 1 change detected
2025-08-19 21:53:06,928 - INFO - 1 change detected
2025-08-19 21:53:07,279 - INFO - 1 change detected
2025-08-19 21:53:07,631 - INFO - 1 change detected
2025-08-19 21:53:07,982 - INFO - 1 change detected
2025-08-19 21:53:08,333 - INFO - 1 change detected
2025-08-19 21:53:08,684 - INFO - 1 change detected
2025-08-19 21:53:09,036 - INFO - 1 change detected
2025-08-19 21:53:09,387 - INFO - 1 change detected
2025-08-19 21:53:09,739 - INFO - 1 change detected
2025-08-19 21:53:10,090 - INFO - 1 change detected
2025-08-19 21:53:10,441 - INFO - 1 change detected
2025-08-19 21:53:10,792 - INFO - 1 change detected
2025-08-19 21:53:11,143 - INFO - 1 change detected
2025-08-19 21:53:11,494 - INFO - 1 change detected
2025-08-19 21:53:11,845 - INFO - 1 change detected
2025-08-19 21:53:12,196 - INFO - 1 change detected
2025-08-19 21:53:12,548 - INFO - 1 change detected
2025-08-19 21:53:12,899 - INFO - 1 change detected
2025-08-19 21:53:13,251 - INFO - 1 change detected
2025-08-19 21:53:13,602 - INFO - 1 change detected
2025-08-19 21:53:13,932 - INFO - ------- readAll Called
2025-08-19 21:53:13,953 - INFO - 1 change detected
2025-08-19 21:53:14,304 - INFO - 1 change detected
2025-08-19 21:53:14,655 - INFO - 1 change detected
2025-08-19 21:53:15,006 - INFO - 1 change detected
2025-08-19 21:53:15,358 - INFO - 1 change detected
2025-08-19 21:53:15,709 - INFO - 1 change detected
2025-08-19 21:53:16,060 - INFO - 1 change detected
2025-08-19 21:53:16,411 - INFO - 1 change detected
2025-08-19 21:53:16,762 - INFO - 1 change detected
2025-08-19 21:53:17,113 - INFO - 1 change detected
2025-08-19 21:53:17,465 - INFO - 1 change detected
2025-08-19 21:53:17,816 - INFO - 1 change detected
2025-08-19 21:53:18,167 - INFO - 1 change detected
2025-08-19 21:53:18,519 - INFO - 1 change detected
2025-08-19 21:53:18,870 - INFO - 1 change detected
2025-08-19 21:53:19,221 - INFO - 1 change detected
2025-08-19 21:53:19,572 - INFO - 1 change detected
2025-08-19 21:53:19,923 - INFO - 1 change detected
2025-08-19 21:53:20,275 - INFO - 1 change detected
2025-08-19 21:53:20,626 - INFO - 1 change detected
2025-08-19 21:53:20,977 - INFO - 1 change detected
2025-08-19 21:53:21,328 - INFO - 1 change detected
2025-08-19 21:53:21,680 - INFO - 1 change detected
2025-08-19 21:53:22,031 - INFO - 1 change detected
2025-08-19 21:53:22,382 - INFO - 1 change detected
2025-08-19 21:53:22,733 - INFO - 1 change detected
2025-08-19 21:53:23,084 - INFO - 1 change detected
2025-08-19 21:53:23,435 - INFO - 1 change detected
2025-08-19 21:53:23,786 - INFO - 1 change detected
2025-08-19 21:53:24,138 - INFO - 1 change detected
2025-08-19 21:53:24,489 - INFO - 1 change detected
2025-08-19 21:53:24,840 - INFO - 1 change detected
2025-08-19 21:53:25,191 - INFO - 1 change detected
2025-08-19 21:53:25,542 - INFO - 1 change detected
2025-08-19 21:53:25,893 - INFO - 1 change detected
2025-08-19 21:53:26,245 - INFO - 1 change detected
2025-08-19 21:53:26,596 - INFO - 1 change detected
2025-08-19 21:53:26,947 - INFO - 1 change detected
2025-08-19 21:53:27,298 - INFO - 1 change detected
2025-08-19 21:53:27,649 - INFO - 1 change detected
2025-08-19 21:53:28,000 - INFO - 1 change detected
2025-08-19 21:53:28,352 - INFO - 1 change detected
2025-08-19 21:53:28,703 - INFO - 1 change detected
2025-08-19 21:53:29,054 - INFO - 1 change detected
2025-08-19 21:53:29,405 - INFO - 1 change detected
2025-08-19 21:53:29,756 - INFO - 1 change detected
2025-08-19 21:53:30,039 - INFO - ------- create : string,0.0
2025-08-19 21:53:30,107 - INFO - 1 change detected
2025-08-19 21:53:30,458 - INFO - 1 change detected
2025-08-19 21:53:30,809 - INFO - 1 change detected
2025-08-19 21:53:31,160 - INFO - 1 change detected
2025-08-19 21:53:31,511 - INFO - 1 change detected
2025-08-19 21:53:31,863 - INFO - 1 change detected
2025-08-19 21:53:32,214 - INFO - 1 change detected
2025-08-19 21:53:32,565 - INFO - 1 change detected
2025-08-19 21:53:32,916 - INFO - 1 change detected
2025-08-19 21:53:33,267 - INFO - 1 change detected
2025-08-19 21:53:33,618 - INFO - 1 change detected
2025-08-19 21:53:33,969 - INFO - 1 change detected
2025-08-19 21:53:34,320 - INFO - 1 change detected
2025-08-19 21:53:34,671 - INFO - 1 change detected
2025-08-19 21:53:35,022 - INFO - 1 change detected
2025-08-19 21:53:35,373 - INFO - 1 change detected
2025-08-19 21:53:35,724 - INFO - 1 change detected
2025-08-19 21:53:36,077 - INFO - 1 change detected
2025-08-19 21:53:36,428 - INFO - 1 change detected
2025-08-19 21:53:36,780 - INFO - 1 change detected
2025-08-19 21:53:37,131 - INFO - 1 change detected
2025-08-19 21:53:37,482 - INFO - 1 change detected
2025-08-19 21:53:37,833 - INFO - 1 change detected
2025-08-19 21:53:38,185 - INFO - 1 change detected
2025-08-19 21:53:38,536 - INFO - 1 change detected
2025-08-19 21:53:38,887 - INFO - 1 change detected
2025-08-19 21:53:39,238 - INFO - 1 change detected
2025-08-19 21:53:39,589 - INFO - 1 change detected
2025-08-19 21:53:39,940 - INFO - 1 change detected
2025-08-19 21:53:40,292 - INFO - 1 change detected
2025-08-19 21:53:40,643 - INFO - 1 change detected
2025-08-19 21:53:40,994 - INFO - 1 change detected
2025-08-19 21:53:41,346 - INFO - 1 change detected
2025-08-19 21:53:41,584 - INFO - ------- readAll Called
2025-08-19 21:53:41,697 - INFO - 1 change detected
2025-08-19 21:53:42,048 - INFO - 1 change detected
2025-08-19 21:53:42,400 - INFO - 1 change detected
2025-08-19 21:53:42,751 - INFO - 1 change detected
2025-08-19 21:53:43,102 - INFO - 1 change detected
2025-08-19 21:53:43,453 - INFO - 1 change detected
2025-08-19 21:53:43,804 - INFO - 1 change detected
2025-08-19 21:53:44,155 - INFO - 1 change detected
2025-08-19 21:53:44,507 - INFO - 1 change detected
2025-08-19 21:53:44,858 - INFO - 1 change detected
2025-08-19 21:53:45,210 - INFO - 1 change detected
2025-08-19 21:53:45,561 - INFO - 1 change detected
2025-08-19 21:53:45,913 - INFO - 1 change detected
2025-08-19 21:53:46,264 - INFO - 1 change detected
2025-08-19 21:53:46,615 - INFO - 1 change detected
2025-08-19 21:53:46,966 - INFO - 1 change detected
2025-08-19 21:53:47,317 - INFO - 1 change detected
2025-08-19 21:53:47,668 - INFO - 1 change detected
2025-08-19 21:53:48,019 - INFO - 1 change detected
2025-08-19 21:53:48,370 - INFO - 1 change detected
2025-08-19 21:53:48,722 - INFO - 1 change detected
2025-08-19 21:53:49,073 - INFO - 1 change detected
2025-08-19 21:53:49,424 - INFO - 1 change detected
2025-08-19 21:53:49,775 - INFO - 1 change detected
2025-08-19 21:53:50,126 - INFO - 1 change detected
2025-08-19 21:53:50,477 - INFO - 1 change detected
2025-08-19 21:53:50,828 - INFO - 1 change detected
2025-08-19 21:53:51,180 - INFO - 1 change detected
2025-08-19 21:53:51,531 - INFO - 1 change detected
2025-08-19 21:53:51,882 - INFO - 1 change detected
2025-08-19 21:53:52,233 - INFO - 1 change detected
2025-08-19 21:53:52,584 - INFO - 1 change detected
2025-08-19 21:53:52,935 - INFO - 1 change detected
2025-08-19 21:53:53,286 - INFO - 1 change detected
2025-08-19 21:53:53,637 - INFO - 1 change detected
2025-08-19 21:53:53,988 - INFO - 1 change detected
2025-08-19 21:53:54,339 - INFO - 1 change detected
2025-08-19 21:53:54,690 - INFO - 1 change detected
2025-08-19 21:53:55,041 - INFO - 1 change detected
2025-08-19 21:53:55,393 - INFO - 1 change detected
2025-08-19 21:53:55,744 - INFO - 1 change detected
2025-08-19 21:53:56,095 - INFO - 1 change detected
2025-08-19 21:53:56,446 - INFO - 1 change detected
2025-08-19 21:53:56,797 - INFO - 1 change detected
2025-08-19 21:53:57,148 - INFO - 1 change detected
2025-08-19 21:53:57,499 - INFO - 1 change detected
2025-08-19 21:53:57,850 - INFO - 1 change detected
2025-08-19 21:53:58,202 - INFO - 1 change detected
2025-08-19 21:53:58,553 - INFO - 1 change detected
2025-08-19 21:53:58,904 - INFO - 1 change detected
2025-08-19 21:53:59,255 - INFO - 1 change detected
2025-08-19 21:53:59,606 - INFO - 1 change detected
2025-08-19 21:53:59,957 - INFO - 1 change detected
2025-08-19 21:54:00,308 - INFO - 1 change detected
2025-08-19 21:54:00,660 - INFO - 1 change detected
2025-08-19 21:54:01,011 - INFO - 1 change detected
2025-08-19 21:54:01,362 - INFO - 1 change detected
2025-08-19 21:54:01,713 - INFO - 1 change detected
2025-08-19 21:54:02,064 - INFO - 1 change detected
2025-08-19 21:54:02,415 - INFO - 1 change detected
2025-08-19 21:54:02,766 - INFO - 1 change detected
2025-08-19 21:54:03,117 - INFO - 1 change detected
2025-08-19 21:54:03,468 - INFO - 1 change detected
2025-08-19 21:54:03,820 - INFO - 1 change detected
2025-08-19 21:54:04,171 - INFO - 1 change detected
2025-08-19 21:54:04,522 - INFO - 1 change detected
2025-08-19 21:54:04,873 - INFO - 1 change detected
2025-08-19 21:54:05,224 - INFO - 1 change detected
2025-08-19 21:54:05,575 - INFO - 1 change detected
2025-08-19 21:54:05,926 - INFO - 1 change detected
2025-08-19 21:54:06,277 - INFO - 1 change detected
2025-08-19 21:54:06,627 - INFO - 1 change detected
2025-08-19 21:54:06,978 - INFO - 1 change detected
2025-08-19 21:54:07,329 - INFO - 1 change detected
2025-08-19 21:54:07,680 - INFO - 1 change detected
2025-08-19 21:54:08,031 - INFO - 1 change detected
2025-08-19 21:54:08,381 - INFO - 1 change detected
2025-08-19 21:54:08,732 - INFO - 1 change detected
2025-08-19 21:54:09,084 - INFO - 1 change detected
2025-08-19 21:54:09,435 - INFO - 1 change detected
2025-08-19 21:54:09,786 - INFO - 1 change detected
2025-08-19 21:54:10,137 - INFO - 1 change detected
2025-08-19 21:54:10,488 - INFO - 1 change detected
2025-08-19 21:54:10,840 - INFO - 1 change detected
2025-08-19 21:54:11,191 - INFO - 1 change detected
2025-08-19 21:54:11,543 - INFO - 1 change detected
2025-08-19 21:54:11,894 - INFO - 1 change detected
2025-08-19 21:54:12,245 - INFO - 1 change detected
2025-08-19 21:54:12,596 - INFO - 1 change detected
2025-08-19 21:54:12,948 - INFO - 1 change detected
2025-08-19 21:54:13,299 - INFO - 1 change detected
2025-08-19 21:54:13,650 - INFO - 1 change detected
2025-08-19 21:54:14,001 - INFO - 1 change detected
2025-08-19 21:54:14,352 - INFO - 1 change detected
2025-08-19 21:54:14,703 - INFO - 1 change detected
2025-08-19 21:54:15,055 - INFO - 1 change detected
2025-08-19 21:54:15,406 - INFO - 1 change detected
2025-08-19 21:54:15,757 - INFO - 1 change detected
2025-08-19 21:54:16,107 - INFO - 1 change detected
2025-08-19 21:54:16,459 - INFO - 1 change detected
2025-08-19 21:54:16,810 - INFO - 1 change detected
2025-08-19 21:54:17,161 - INFO - 1 change detected
2025-08-19 21:54:17,512 - INFO - 1 change detected
2025-08-19 21:54:17,863 - INFO - 1 change detected
2025-08-19 21:54:18,214 - INFO - 1 change detected
2025-08-19 21:54:18,565 - INFO - 1 change detected
2025-08-19 21:54:18,916 - INFO - 1 change detected
2025-08-19 21:54:19,268 - INFO - 1 change detected
2025-08-19 21:54:19,619 - INFO - 1 change detected
2025-08-19 21:54:19,970 - INFO - 1 change detected
2025-08-19 21:54:20,321 - INFO - 1 change detected
2025-08-19 21:54:20,672 - INFO - 1 change detected
2025-08-19 21:54:21,023 - INFO - 1 change detected
2025-08-19 21:54:21,374 - INFO - 1 change detected
2025-08-19 21:54:21,725 - INFO - 1 change detected
2025-08-19 21:54:22,076 - INFO - 1 change detected
2025-08-19 21:54:22,428 - INFO - 1 change detected
2025-08-19 21:54:22,779 - INFO - 1 change detected
2025-08-19 21:54:23,130 - INFO - 1 change detected
2025-08-19 21:54:23,481 - INFO - 1 change detected
2025-08-19 21:54:23,832 - INFO - 1 change detected
2025-08-19 21:54:24,183 - INFO - 1 change detected
2025-08-19 21:54:24,534 - INFO - 1 change detected
2025-08-19 21:54:24,885 - INFO - 1 change detected
2025-08-19 21:54:25,236 - INFO - 1 change detected
2025-08-19 21:54:25,587 - INFO - 1 change detected
2025-08-19 21:54:25,938 - INFO - 1 change detected
2025-08-19 21:54:26,289 - INFO - 1 change detected
2025-08-19 21:54:26,640 - INFO - 1 change detected
2025-08-19 21:54:26,992 - INFO - 1 change detected
2025-08-19 21:54:27,343 - INFO - 1 change detected
2025-08-19 21:54:27,693 - INFO - 1 change detected
2025-08-19 21:54:28,044 - INFO - 1 change detected
2025-08-19 21:54:28,395 - INFO - 1 change detected
2025-08-19 21:54:28,746 - INFO - 1 change detected
2025-08-19 21:54:29,098 - INFO - 1 change detected
2025-08-19 21:54:29,449 - INFO - 1 change detected
2025-08-19 21:54:29,800 - INFO - 1 change detected
2025-08-19 21:54:30,151 - INFO - 1 change detected
2025-08-19 21:54:30,502 - INFO - 1 change detected
2025-08-19 21:54:30,853 - INFO - 1 change detected
2025-08-19 21:54:31,204 - INFO - 1 change detected
2025-08-19 21:54:31,555 - INFO - 1 change detected
2025-08-19 21:54:31,906 - INFO - 1 change detected
2025-08-19 21:54:32,257 - INFO - 1 change detected
2025-08-19 21:54:32,608 - INFO - 1 change detected
2025-08-19 21:54:32,959 - INFO - 1 change detected
2025-08-19 21:54:33,310 - INFO - 1 change detected
2025-08-19 21:54:33,661 - INFO - 1 change detected
2025-08-19 21:54:34,011 - INFO - 1 change detected
2025-08-19 21:54:34,362 - INFO - 1 change detected
2025-08-19 21:54:34,713 - INFO - 1 change detected
2025-08-19 21:54:35,064 - INFO - 1 change detected
2025-08-19 21:54:35,415 - INFO - 1 change detected
2025-08-19 21:54:35,767 - INFO - 1 change detected
2025-08-19 21:54:36,118 - INFO - 1 change detected
2025-08-19 21:54:36,469 - INFO - 1 change detected
2025-08-19 21:54:36,820 - INFO - 1 change detected
2025-08-19 21:54:37,172 - INFO - 1 change detected
2025-08-19 21:54:37,523 - INFO - 1 change detected
2025-08-19 21:54:37,874 - INFO - 1 change detected
2025-08-19 21:54:38,225 - INFO - 1 change detected
2025-08-19 21:54:38,576 - INFO - 1 change detected
2025-08-19 21:54:38,927 - INFO - 1 change detected
2025-08-19 21:54:39,278 - INFO - 1 change detected
2025-08-19 21:54:39,629 - INFO - 1 change detected
2025-08-19 21:54:39,980 - INFO - 1 change detected
2025-08-19 21:54:40,332 - INFO - 1 change detected
2025-08-19 21:54:40,682 - INFO - 1 change detected
2025-08-19 21:54:41,034 - INFO - 1 change detected
2025-08-19 21:54:41,385 - INFO - 1 change detected
2025-08-19 21:54:41,736 - INFO - 1 change detected
2025-08-19 21:54:42,086 - INFO - 1 change detected
2025-08-19 21:54:42,438 - INFO - 1 change detected
2025-08-19 21:54:42,789 - INFO - 1 change detected
2025-08-19 21:54:43,141 - INFO - 1 change detected
2025-08-19 21:54:43,492 - INFO - 1 change detected
2025-08-19 21:54:43,843 - INFO - 1 change detected
2025-08-19 21:54:44,195 - INFO - 1 change detected
2025-08-19 21:54:44,546 - INFO - 1 change detected
2025-08-19 21:54:44,897 - INFO - 1 change detected
2025-08-19 21:54:45,249 - INFO - 1 change detected
2025-08-19 21:54:45,600 - INFO - 1 change detected
2025-08-19 21:54:45,951 - INFO - 1 change detected
2025-08-19 21:54:46,302 - INFO - 1 change detected
2025-08-19 21:54:46,653 - INFO - 1 change detected
2025-08-19 21:54:47,004 - INFO - 1 change detected
2025-08-19 21:54:47,355 - INFO - 1 change detected
2025-08-19 21:54:47,706 - INFO - 1 change detected
2025-08-19 21:54:48,057 - INFO - 1 change detected
2025-08-19 21:54:48,408 - INFO - 1 change detected
2025-08-19 21:54:48,759 - INFO - 1 change detected
2025-08-19 21:54:49,110 - INFO - 1 change detected
2025-08-19 21:54:49,461 - INFO - 1 change detected
2025-08-19 21:54:49,812 - INFO - 1 change detected
2025-08-19 21:54:50,164 - INFO - 1 change detected
2025-08-19 21:54:50,515 - INFO - 1 change detected
2025-08-19 21:54:50,866 - INFO - 1 change detected
2025-08-19 21:54:51,217 - INFO - 1 change detected
2025-08-19 21:54:51,568 - INFO - 1 change detected
2025-08-19 21:54:51,919 - INFO - 1 change detected
2025-08-19 21:54:52,270 - INFO - 1 change detected
2025-08-19 21:54:52,621 - INFO - 1 change detected
2025-08-19 21:54:52,972 - INFO - 1 change detected
2025-08-19 21:54:53,323 - INFO - 1 change detected
2025-08-19 21:54:53,674 - INFO - 1 change detected
2025-08-19 21:54:54,025 - INFO - 1 change detected
2025-08-19 21:54:54,376 - INFO - 1 change detected
2025-08-19 21:54:54,727 - INFO - 1 change detected
2025-08-19 21:54:55,078 - INFO - 1 change detected
2025-08-19 21:54:55,428 - INFO - 1 change detected
2025-08-19 21:54:55,779 - INFO - 1 change detected
2025-08-19 21:54:56,130 - INFO - 1 change detected
2025-08-19 21:54:56,481 - INFO - 1 change detected
2025-08-19 21:54:56,833 - INFO - 1 change detected
2025-08-19 21:54:57,184 - INFO - 1 change detected
2025-08-19 21:54:57,535 - INFO - 1 change detected
2025-08-19 21:54:57,885 - INFO - 1 change detected
2025-08-19 21:54:58,236 - INFO - 1 change detected
2025-08-19 21:54:58,587 - INFO - 1 change detected
2025-08-19 21:54:58,938 - INFO - 1 change detected
2025-08-19 21:54:59,289 - INFO - 1 change detected
2025-08-19 21:54:59,641 - INFO - 1 change detected
2025-08-19 21:54:59,992 - INFO - 1 change detected
2025-08-19 21:55:00,343 - INFO - 1 change detected
2025-08-19 21:55:00,694 - INFO - 1 change detected
2025-08-19 21:55:01,045 - INFO - 1 change detected
2025-08-19 21:55:01,397 - INFO - 1 change detected
2025-08-19 21:55:01,748 - INFO - 1 change detected
2025-08-19 21:55:02,099 - INFO - 1 change detected
2025-08-19 21:55:02,450 - INFO - 1 change detected
2025-08-19 21:55:02,802 - INFO - 1 change detected
2025-08-19 21:55:03,153 - INFO - 1 change detected
2025-08-19 21:55:03,504 - INFO - 1 change detected
2025-08-19 21:55:03,855 - INFO - 1 change detected
2025-08-19 21:55:04,206 - INFO - 1 change detected
2025-08-19 21:55:04,557 - INFO - 1 change detected
2025-08-19 21:55:04,908 - INFO - 1 change detected
2025-08-19 21:55:05,259 - INFO - 1 change detected
2025-08-19 21:55:05,610 - INFO - 1 change detected
2025-08-19 21:55:05,961 - INFO - 1 change detected
2025-08-19 21:55:06,313 - INFO - 1 change detected
2025-08-19 21:55:06,664 - INFO - 1 change detected
2025-08-19 21:55:07,015 - INFO - 1 change detected
2025-08-19 21:55:07,366 - INFO - 1 change detected
2025-08-19 21:55:07,717 - INFO - 1 change detected
2025-08-19 21:55:08,068 - INFO - 1 change detected
2025-08-19 21:55:08,420 - INFO - 1 change detected
2025-08-19 21:55:08,771 - INFO - 1 change detected
2025-08-19 21:55:09,122 - INFO - 1 change detected
2025-08-19 21:55:09,473 - INFO - 1 change detected
2025-08-19 21:55:09,824 - INFO - 1 change detected
2025-08-19 21:55:10,175 - INFO - 1 change detected
2025-08-19 21:55:10,527 - INFO - 1 change detected
2025-08-19 21:55:10,878 - INFO - 1 change detected
2025-08-19 21:55:11,229 - INFO - 1 change detected
2025-08-19 21:55:11,580 - INFO - 1 change detected
2025-08-19 21:55:11,931 - INFO - 1 change detected
2025-08-19 21:55:12,282 - INFO - 1 change detected
2025-08-19 21:55:12,633 - INFO - 1 change detected
2025-08-19 21:55:12,984 - INFO - 1 change detected
2025-08-19 21:55:13,335 - INFO - 1 change detected
2025-08-19 21:55:13,686 - INFO - 1 change detected
2025-08-19 21:55:13,843 - INFO - Shutting down
2025-08-19 21:55:13,945 - INFO - Waiting for application shutdown.
2025-08-19 21:55:13,947 - INFO - Application shutdown complete.
2025-08-19 21:55:13,949 - INFO - Finished server process [23712]
2025-08-19 21:55:14,176 - INFO - Stopping reloader process [23710]
